Determining if the pthread_create exist failed with the following output:
Change Dir: /home/ermanno/tiago_public_ws/build/gazebo_ros_control/CMakeFiles/CMakeTmp

Run Build Command:"/usr/bin/make" "cmTC_14d6f/fast"
/usr/bin/make -f CMakeFiles/cmTC_14d6f.dir/build.make CMakeFiles/cmTC_14d6f.dir/build
make[1]: ingresso nella directory "/home/ermanno/tiago_public_ws/build/gazebo_ros_control/CMakeFiles/CMakeTmp"
Building C object CMakeFiles/cmTC_14d6f.dir/CheckSymbolExists.c.o
/usr/bin/cc    -o CMakeFiles/cmTC_14d6f.dir/CheckSymbolExists.c.o   -c /home/ermanno/tiago_public_ws/build/gazebo_ros_control/CMakeFiles/CMakeTmp/CheckSymbolExists.c
Linking C executable cmTC_14d6f
/usr/bin/cmake -E cmake_link_script CMakeFiles/cmTC_14d6f.dir/link.txt --verbose=1
/usr/bin/cc      -rdynamic CMakeFiles/cmTC_14d6f.dir/CheckSymbolExists.c.o  -o cmTC_14d6f 
CMakeFiles/cmTC_14d6f.dir/CheckSymbolExists.c.o: nella funzione "main":
CheckSymbolExists.c:(.text+0x1b): riferimento non definito a "pthread_create"
collect2: error: ld returned 1 exit status
CMakeFiles/cmTC_14d6f.dir/build.make:97: recipe for target 'cmTC_14d6f' failed
make[1]: *** [cmTC_14d6f] Error 1
make[1]: uscita dalla directory "/home/ermanno/tiago_public_ws/build/gazebo_ros_control/CMakeFiles/CMakeTmp"
Makefile:126: recipe for target 'cmTC_14d6f/fast' failed
make: *** [cmTC_14d6f/fast] Error 2

File /home/ermanno/tiago_public_ws/build/gazebo_ros_control/CMakeFiles/CMakeTmp/CheckSymbolExists.c:
/* */
#include <pthread.h>

int main(int argc, char** argv)
{
  (void)argv;
#ifndef pthread_create
  return ((int*)(&pthread_create))[argc];
#else
  (void)argc;
  return 0;
#endif
}

Determining if the function pthread_create exists in the pthreads failed with the following output:
Change Dir: /home/ermanno/tiago_public_ws/build/gazebo_ros_control/CMakeFiles/CMakeTmp

Run Build Command:"/usr/bin/make" "cmTC_83cf8/fast"
/usr/bin/make -f CMakeFiles/cmTC_83cf8.dir/build.make CMakeFiles/cmTC_83cf8.dir/build
make[1]: ingresso nella directory "/home/ermanno/tiago_public_ws/build/gazebo_ros_control/CMakeFiles/CMakeTmp"
Building C object CMakeFiles/cmTC_83cf8.dir/CheckFunctionExists.c.o
/usr/bin/cc   -DCHECK_FUNCTION_EXISTS=pthread_create   -o CMakeFiles/cmTC_83cf8.dir/CheckFunctionExists.c.o   -c /usr/share/cmake-3.10/Modules/CheckFunctionExists.c
Linking C executable cmTC_83cf8
/usr/bin/cmake -E cmake_link_script CMakeFiles/cmTC_83cf8.dir/link.txt --verbose=1
/usr/bin/cc  -DCHECK_FUNCTION_EXISTS=pthread_create    -rdynamic CMakeFiles/cmTC_83cf8.dir/CheckFunctionExists.c.o  -o cmTC_83cf8 -lpthreads 
/usr/bin/ld: impossibile trovare -lpthreads
collect2: error: ld returned 1 exit status
CMakeFiles/cmTC_83cf8.dir/build.make:97: recipe for target 'cmTC_83cf8' failed
make[1]: *** [cmTC_83cf8] Error 1
make[1]: uscita dalla directory "/home/ermanno/tiago_public_ws/build/gazebo_ros_control/CMakeFiles/CMakeTmp"
Makefile:126: recipe for target 'cmTC_83cf8/fast' failed
make: *** [cmTC_83cf8/fast] Error 2


