Linked: (/home/ermanno/tiago_public_ws/devel/.private/tiago_opencv_tutorial/include/tiago_opencv_tutorial/valueMatrix.h, /home/ermanno/tiago_public_ws/devel/include/tiago_opencv_tutorial/valueMatrix.h)
Linked: (/home/ermanno/tiago_public_ws/devel/.private/tiago_opencv_tutorial/lib/python2.7/dist-packages/tiago_opencv_tutorial/__init__.py, /home/ermanno/tiago_public_ws/devel/lib/python2.7/dist-packages/tiago_opencv_tutorial/__init__.py)
Linked: (/home/ermanno/tiago_public_ws/devel/.private/tiago_opencv_tutorial/lib/python2.7/dist-packages/tiago_opencv_tutorial/msg/_valueMatrix.py, /home/ermanno/tiago_public_ws/devel/lib/python2.7/dist-packages/tiago_opencv_tutorial/msg/_valueMatrix.py)
Linked: (/home/ermanno/tiago_public_ws/devel/.private/tiago_opencv_tutorial/lib/python2.7/dist-packages/tiago_opencv_tutorial/msg/__init__.py, /home/ermanno/tiago_public_ws/devel/lib/python2.7/dist-packages/tiago_opencv_tutorial/msg/__init__.py)
Linked: (/home/ermanno/tiago_public_ws/devel/.private/tiago_opencv_tutorial/lib/tiago_opencv_tutorial/track_sequential, /home/ermanno/tiago_public_ws/devel/lib/tiago_opencv_tutorial/track_sequential)
Linked: (/home/ermanno/tiago_public_ws/devel/.private/tiago_opencv_tutorial/lib/tiago_opencv_tutorial/flann_matching, /home/ermanno/tiago_public_ws/devel/lib/tiago_opencv_tutorial/flann_matching)
Linked: (/home/ermanno/tiago_public_ws/devel/.private/tiago_opencv_tutorial/lib/tiago_opencv_tutorial/corner_detection, /home/ermanno/tiago_public_ws/devel/lib/tiago_opencv_tutorial/corner_detection)
Linked: (/home/ermanno/tiago_public_ws/devel/.private/tiago_opencv_tutorial/lib/tiago_opencv_tutorial/find_keypoints, /home/ermanno/tiago_public_ws/devel/lib/tiago_opencv_tutorial/find_keypoints)
Linked: (/home/ermanno/tiago_public_ws/devel/.private/tiago_opencv_tutorial/lib/pkgconfig/tiago_opencv_tutorial.pc, /home/ermanno/tiago_public_ws/devel/lib/pkgconfig/tiago_opencv_tutorial.pc)
Linked: (/home/ermanno/tiago_public_ws/devel/.private/tiago_opencv_tutorial/share/gennodejs/ros/tiago_opencv_tutorial/_index.js, /home/ermanno/tiago_public_ws/devel/share/gennodejs/ros/tiago_opencv_tutorial/_index.js)
Linked: (/home/ermanno/tiago_public_ws/devel/.private/tiago_opencv_tutorial/share/gennodejs/ros/tiago_opencv_tutorial/msg/_index.js, /home/ermanno/tiago_public_ws/devel/share/gennodejs/ros/tiago_opencv_tutorial/msg/_index.js)
Linked: (/home/ermanno/tiago_public_ws/devel/.private/tiago_opencv_tutorial/share/gennodejs/ros/tiago_opencv_tutorial/msg/valueMatrix.js, /home/ermanno/tiago_public_ws/devel/share/gennodejs/ros/tiago_opencv_tutorial/msg/valueMatrix.js)
Linked: (/home/ermanno/tiago_public_ws/devel/.private/tiago_opencv_tutorial/share/tiago_opencv_tutorial/cmake/tiago_opencv_tutorial-msg-paths.cmake, /home/ermanno/tiago_public_ws/devel/share/tiago_opencv_tutorial/cmake/tiago_opencv_tutorial-msg-paths.cmake)
Linked: (/home/ermanno/tiago_public_ws/devel/.private/tiago_opencv_tutorial/share/tiago_opencv_tutorial/cmake/tiago_opencv_tutorialConfig-version.cmake, /home/ermanno/tiago_public_ws/devel/share/tiago_opencv_tutorial/cmake/tiago_opencv_tutorialConfig-version.cmake)
Linked: (/home/ermanno/tiago_public_ws/devel/.private/tiago_opencv_tutorial/share/tiago_opencv_tutorial/cmake/tiago_opencv_tutorial-msg-extras.cmake, /home/ermanno/tiago_public_ws/devel/share/tiago_opencv_tutorial/cmake/tiago_opencv_tutorial-msg-extras.cmake)
Linked: (/home/ermanno/tiago_public_ws/devel/.private/tiago_opencv_tutorial/share/tiago_opencv_tutorial/cmake/tiago_opencv_tutorialConfig.cmake, /home/ermanno/tiago_public_ws/devel/share/tiago_opencv_tutorial/cmake/tiago_opencv_tutorialConfig.cmake)
Linked: (/home/ermanno/tiago_public_ws/devel/.private/tiago_opencv_tutorial/share/roseus/ros/tiago_opencv_tutorial/manifest.l, /home/ermanno/tiago_public_ws/devel/share/roseus/ros/tiago_opencv_tutorial/manifest.l)
Linked: (/home/ermanno/tiago_public_ws/devel/.private/tiago_opencv_tutorial/share/roseus/ros/tiago_opencv_tutorial/msg/valueMatrix.l, /home/ermanno/tiago_public_ws/devel/share/roseus/ros/tiago_opencv_tutorial/msg/valueMatrix.l)
Linked: (/home/ermanno/tiago_public_ws/devel/.private/tiago_opencv_tutorial/share/common-lisp/ros/tiago_opencv_tutorial/msg/valueMatrix.lisp, /home/ermanno/tiago_public_ws/devel/share/common-lisp/ros/tiago_opencv_tutorial/msg/valueMatrix.lisp)
Linked: (/home/ermanno/tiago_public_ws/devel/.private/tiago_opencv_tutorial/share/common-lisp/ros/tiago_opencv_tutorial/msg/tiago_opencv_tutorial-msg.asd, /home/ermanno/tiago_public_ws/devel/share/common-lisp/ros/tiago_opencv_tutorial/msg/tiago_opencv_tutorial-msg.asd)
Linked: (/home/ermanno/tiago_public_ws/devel/.private/tiago_opencv_tutorial/share/common-lisp/ros/tiago_opencv_tutorial/msg/_package.lisp, /home/ermanno/tiago_public_ws/devel/share/common-lisp/ros/tiago_opencv_tutorial/msg/_package.lisp)
Linked: (/home/ermanno/tiago_public_ws/devel/.private/tiago_opencv_tutorial/share/common-lisp/ros/tiago_opencv_tutorial/msg/_package_valueMatrix.lisp, /home/ermanno/tiago_public_ws/devel/share/common-lisp/ros/tiago_opencv_tutorial/msg/_package_valueMatrix.lisp)
