Symlinking /home/ermanno/tiago_public_ws/devel/include/tiago_opencv_tutorial/valueMatrix.h
Symlinking /home/ermanno/tiago_public_ws/devel/lib/python2.7/dist-packages/tiago_opencv_tutorial/__init__.py
Symlinking /home/ermanno/tiago_public_ws/devel/lib/python2.7/dist-packages/tiago_opencv_tutorial/msg/_valueMatrix.py
Symlinking /home/ermanno/tiago_public_ws/devel/lib/python2.7/dist-packages/tiago_opencv_tutorial/msg/__init__.py
Symlinking /home/ermanno/tiago_public_ws/devel/lib/tiago_opencv_tutorial/track_sequential
Symlinking /home/ermanno/tiago_public_ws/devel/lib/tiago_opencv_tutorial/flann_matching
Symlinking /home/ermanno/tiago_public_ws/devel/lib/tiago_opencv_tutorial/corner_detection
Symlinking /home/ermanno/tiago_public_ws/devel/lib/tiago_opencv_tutorial/find_keypoints
Symlinking /home/ermanno/tiago_public_ws/devel/lib/pkgconfig/tiago_opencv_tutorial.pc
Symlinking /home/ermanno/tiago_public_ws/devel/share/gennodejs/ros/tiago_opencv_tutorial/_index.js
Symlinking /home/ermanno/tiago_public_ws/devel/share/gennodejs/ros/tiago_opencv_tutorial/msg/_index.js
Symlinking /home/ermanno/tiago_public_ws/devel/share/gennodejs/ros/tiago_opencv_tutorial/msg/valueMatrix.js
Symlinking /home/ermanno/tiago_public_ws/devel/share/tiago_opencv_tutorial/cmake/tiago_opencv_tutorial-msg-paths.cmake
Symlinking /home/ermanno/tiago_public_ws/devel/share/tiago_opencv_tutorial/cmake/tiago_opencv_tutorialConfig-version.cmake
Symlinking /home/ermanno/tiago_public_ws/devel/share/tiago_opencv_tutorial/cmake/tiago_opencv_tutorial-msg-extras.cmake
Symlinking /home/ermanno/tiago_public_ws/devel/share/tiago_opencv_tutorial/cmake/tiago_opencv_tutorialConfig.cmake
Symlinking /home/ermanno/tiago_public_ws/devel/share/roseus/ros/tiago_opencv_tutorial/manifest.l
Symlinking /home/ermanno/tiago_public_ws/devel/share/roseus/ros/tiago_opencv_tutorial/msg/valueMatrix.l
Symlinking /home/ermanno/tiago_public_ws/devel/share/common-lisp/ros/tiago_opencv_tutorial/msg/valueMatrix.lisp
Symlinking /home/ermanno/tiago_public_ws/devel/share/common-lisp/ros/tiago_opencv_tutorial/msg/tiago_opencv_tutorial-msg.asd
Symlinking /home/ermanno/tiago_public_ws/devel/share/common-lisp/ros/tiago_opencv_tutorial/msg/_package.lisp
Symlinking /home/ermanno/tiago_public_ws/devel/share/common-lisp/ros/tiago_opencv_tutorial/msg/_package_valueMatrix.lisp
