[  0%] Built target std_msgs_generate_messages_cpp
[  0%] Built target _tiago_opencv_tutorial_generate_messages_check_deps_valueMatrix
[  0%] Built target std_msgs_generate_messages_lisp
[  0%] Built target std_msgs_generate_messages_eus
[  0%] Built target std_msgs_generate_messages_nodejs
[  0%] Built target std_msgs_generate_messages_py
[  6%] Built target tiago_opencv_tutorial_generate_messages_cpp
[ 13%] Built target tiago_opencv_tutorial_generate_messages_lisp
[ 26%] Built target tiago_opencv_tutorial_generate_messages_eus
[ 33%] Built target tiago_opencv_tutorial_generate_messages_nodejs
[ 46%] Built target tiago_opencv_tutorial_generate_messages_py
[ 53%] [32m[1mLinking CXX executable /home/ermanno/tiago_public_ws/devel/.private/tiago_opencv_tutorial/lib/tiago_opencv_tutorial/find_keypoints[0m
[ 60%] Built target find_keypoints
[ 66%] [32m[1mLinking CXX executable /home/ermanno/tiago_public_ws/devel/.private/tiago_opencv_tutorial/lib/tiago_opencv_tutorial/corner_detection[0m
[ 73%] Built target corner_detection
[ 80%] [32m[1mLinking CXX executable /home/ermanno/tiago_public_ws/devel/.private/tiago_opencv_tutorial/lib/tiago_opencv_tutorial/track_sequential[0m
[ 86%] Built target track_sequential
[ 93%] [32m[1mLinking CXX executable /home/ermanno/tiago_public_ws/devel/.private/tiago_opencv_tutorial/lib/tiago_opencv_tutorial/flann_matching[0m
[100%] Built target flann_matching
[100%] Built target tiago_opencv_tutorial_generate_messages
