[  0%] Built target people_msgs_generate_messages_eus
[ 20%] [34m[1mGenerating dynamic reconfigure files from cfg/ProxemicLayer.cfg: /home/ermanno/tiago_public_ws/devel/.private/social_navigation_layers/include/social_navigation_layers/ProxemicLayerConfig.h /home/ermanno/tiago_public_ws/devel/.private/social_navigation_layers/lib/python2.7/dist-packages/social_navigation_layers/cfg/ProxemicLayerConfig.py[0m
Generating reconfiguration files for ProxemicLayer in social_navigation_layers
Wrote header file in /home/ermanno/tiago_public_ws/devel/.private/social_navigation_layers/include/social_navigation_layers/ProxemicLayerConfig.h
[ 20%] Built target social_navigation_layers_gencfg
[ 20%] Built target people_msgs_generate_messages_py
[ 20%] Built target geometry_msgs_generate_messages_eus
[ 20%] Built target std_msgs_generate_messages_py
[ 20%] Built target roscpp_generate_messages_nodejs
[ 20%] Built target std_msgs_generate_messages_lisp
[ 20%] Built target costmap_2d_generate_messages_lisp
[ 20%] Built target std_msgs_generate_messages_cpp
[ 20%] Built target map_msgs_generate_messages_lisp
[ 20%] Built target visualization_msgs_generate_messages_nodejs
[ 20%] Built target roscpp_generate_messages_py
[ 20%] Built target costmap_2d_generate_messages_cpp
[ 20%] Built target roscpp_generate_messages_lisp
[ 20%] Built target people_msgs_generate_messages_lisp
[ 20%] Built target tf_generate_messages_lisp
[ 20%] Built target geometry_msgs_generate_messages_nodejs
[ 20%] Built target geometry_msgs_generate_messages_lisp
[ 20%] Built target roscpp_generate_messages_cpp
[ 20%] Built target sensor_msgs_generate_messages_nodejs
[ 20%] Built target actionlib_generate_messages_cpp
[ 20%] Built target rosgraph_msgs_generate_messages_eus
[ 20%] Built target rosgraph_msgs_generate_messages_cpp
[ 20%] Built target dynamic_reconfigure_generate_messages_nodejs
[ 20%] Built target visualization_msgs_generate_messages_py
[ 20%] Built target costmap_2d_gencfg
[ 20%] Built target dynamic_reconfigure_generate_messages_cpp
[ 20%] Built target tf_generate_messages_py
[ 20%] Built target sensor_msgs_generate_messages_py
[ 20%] Built target visualization_msgs_generate_messages_lisp
[ 20%] Built target std_msgs_generate_messages_eus
[ 20%] Built target tf_generate_messages_nodejs
[ 20%] Built target costmap_2d_generate_messages_nodejs
[ 20%] Built target nav_msgs_generate_messages_nodejs
[ 20%] Built target std_msgs_generate_messages_nodejs
[ 20%] Built target costmap_2d_generate_messages_py
[ 20%] Built target dynamic_reconfigure_generate_messages_eus
[ 20%] Built target people_msgs_generate_messages_nodejs
[ 20%] Built target costmap_2d_generate_messages_eus
[ 20%] Built target dynamic_reconfigure_generate_messages_lisp
[ 20%] Built target map_msgs_generate_messages_eus
[ 20%] Built target geometry_msgs_generate_messages_py
[ 20%] Built target dynamic_reconfigure_generate_messages_py
[ 20%] Built target rosgraph_msgs_generate_messages_lisp
[ 20%] Built target rosgraph_msgs_generate_messages_nodejs
[ 20%] Built target sensor_msgs_generate_messages_cpp
[ 20%] Built target sensor_msgs_generate_messages_eus
[ 20%] Built target _catkin_empty_exported_target
[ 20%] Built target actionlib_generate_messages_eus
[ 20%] Built target geometry_msgs_generate_messages_cpp
[ 20%] Built target actionlib_generate_messages_lisp
[ 20%] Built target map_msgs_generate_messages_py
[ 20%] Built target tf_generate_messages_cpp
[ 20%] Built target actionlib_generate_messages_nodejs
[ 20%] Built target tf_generate_messages_eus
[ 20%] Built target actionlib_msgs_generate_messages_cpp
[ 20%] Built target roscpp_generate_messages_eus
[ 20%] Built target rosgraph_msgs_generate_messages_py
[ 20%] Built target actionlib_msgs_generate_messages_eus
[ 20%] Built target actionlib_msgs_generate_messages_lisp
[ 20%] Built target map_msgs_generate_messages_nodejs
[ 20%] Built target actionlib_msgs_generate_messages_nodejs
[ 20%] Built target actionlib_msgs_generate_messages_py
[ 20%] Built target tf2_msgs_generate_messages_cpp
[ 20%] Built target map_msgs_generate_messages_cpp
[ 20%] Built target actionlib_generate_messages_py
[ 20%] Built target tf2_msgs_generate_messages_py
[ 20%] Built target tf2_msgs_generate_messages_nodejs
[ 20%] Built target sensor_msgs_generate_messages_lisp
[ 20%] Built target nav_msgs_generate_messages_cpp
[ 20%] Built target nav_msgs_generate_messages_lisp
[ 20%] Built target dynamic_reconfigure_gencfg
[ 20%] Built target tf2_msgs_generate_messages_lisp
[ 20%] Built target nav_msgs_generate_messages_py
[ 20%] Built target tf2_msgs_generate_messages_eus
[ 20%] Built target nav_msgs_generate_messages_eus
[ 20%] Built target visualization_msgs_generate_messages_cpp
[ 20%] Built target visualization_msgs_generate_messages_eus
[ 20%] Built target people_msgs_generate_messages_cpp
[35m[1mScanning dependencies of target social_layers[0m
[ 40%] [32mBuilding CXX object CMakeFiles/social_layers.dir/src/proxemic_layer.cpp.o[0m
[ 60%] [32mBuilding CXX object CMakeFiles/social_layers.dir/src/passing_layer.cpp.o[0m
[ 80%] [32m[1mLinking CXX shared library /home/ermanno/tiago_public_ws/devel/.private/social_navigation_layers/lib/libsocial_layers.so[0m
[100%] Built target social_layers
