Determining if the pthread_create exist failed with the following output:
Change Dir: /home/ermanno/tiago_public_ws/build/play_motion/CMakeFiles/CMakeTmp

Run Build Command:"/usr/bin/make" "cmTC_fc4ae/fast"
/usr/bin/make -f CMakeFiles/cmTC_fc4ae.dir/build.make CMakeFiles/cmTC_fc4ae.dir/build
make[1]: ingresso nella directory "/home/ermanno/tiago_public_ws/build/play_motion/CMakeFiles/CMakeTmp"
Building C object CMakeFiles/cmTC_fc4ae.dir/CheckSymbolExists.c.o
/usr/bin/cc    -o CMakeFiles/cmTC_fc4ae.dir/CheckSymbolExists.c.o   -c /home/ermanno/tiago_public_ws/build/play_motion/CMakeFiles/CMakeTmp/CheckSymbolExists.c
Linking C executable cmTC_fc4ae
/usr/bin/cmake -E cmake_link_script CMakeFiles/cmTC_fc4ae.dir/link.txt --verbose=1
/usr/bin/cc      -rdynamic CMakeFiles/cmTC_fc4ae.dir/CheckSymbolExists.c.o  -o cmTC_fc4ae 
CMakeFiles/cmTC_fc4ae.dir/CheckSymbolExists.c.o: nella funzione "main":
CheckSymbolExists.c:(.text+0x1b): riferimento non definito a "pthread_create"
collect2: error: ld returned 1 exit status
CMakeFiles/cmTC_fc4ae.dir/build.make:97: recipe for target 'cmTC_fc4ae' failed
make[1]: *** [cmTC_fc4ae] Error 1
make[1]: uscita dalla directory "/home/ermanno/tiago_public_ws/build/play_motion/CMakeFiles/CMakeTmp"
Makefile:126: recipe for target 'cmTC_fc4ae/fast' failed
make: *** [cmTC_fc4ae/fast] Error 2

File /home/ermanno/tiago_public_ws/build/play_motion/CMakeFiles/CMakeTmp/CheckSymbolExists.c:
/* */
#include <pthread.h>

int main(int argc, char** argv)
{
  (void)argv;
#ifndef pthread_create
  return ((int*)(&pthread_create))[argc];
#else
  (void)argc;
  return 0;
#endif
}

Determining if the function pthread_create exists in the pthreads failed with the following output:
Change Dir: /home/ermanno/tiago_public_ws/build/play_motion/CMakeFiles/CMakeTmp

Run Build Command:"/usr/bin/make" "cmTC_2dd02/fast"
/usr/bin/make -f CMakeFiles/cmTC_2dd02.dir/build.make CMakeFiles/cmTC_2dd02.dir/build
make[1]: ingresso nella directory "/home/ermanno/tiago_public_ws/build/play_motion/CMakeFiles/CMakeTmp"
Building C object CMakeFiles/cmTC_2dd02.dir/CheckFunctionExists.c.o
/usr/bin/cc   -DCHECK_FUNCTION_EXISTS=pthread_create   -o CMakeFiles/cmTC_2dd02.dir/CheckFunctionExists.c.o   -c /usr/share/cmake-3.10/Modules/CheckFunctionExists.c
Linking C executable cmTC_2dd02
/usr/bin/cmake -E cmake_link_script CMakeFiles/cmTC_2dd02.dir/link.txt --verbose=1
/usr/bin/cc  -DCHECK_FUNCTION_EXISTS=pthread_create    -rdynamic CMakeFiles/cmTC_2dd02.dir/CheckFunctionExists.c.o  -o cmTC_2dd02 -lpthreads 
/usr/bin/ld: impossibile trovare -lpthreads
collect2: error: ld returned 1 exit status
CMakeFiles/cmTC_2dd02.dir/build.make:97: recipe for target 'cmTC_2dd02' failed
make[1]: *** [cmTC_2dd02] Error 1
make[1]: uscita dalla directory "/home/ermanno/tiago_public_ws/build/play_motion/CMakeFiles/CMakeTmp"
Makefile:126: recipe for target 'cmTC_2dd02/fast' failed
make: *** [cmTC_2dd02/fast] Error 2


