[  0%] Built target _tiago_pick_demo_generate_messages_check_deps_PickUpPoseActionResult
[  0%] Built target _tiago_pick_demo_generate_messages_check_deps_PickUpPoseActionGoal
[  0%] Built target _tiago_pick_demo_generate_messages_check_deps_PickUpPoseGoal
[  0%] Built target _tiago_pick_demo_generate_messages_check_deps_PickUpPoseActionFeedback
[  0%] Built target _tiago_pick_demo_generate_messages_check_deps_PickUpPoseFeedback
[  0%] Built target _tiago_pick_demo_generate_messages_check_deps_PickUpPoseResult
[  0%] Built target _tiago_pick_demo_generate_messages_check_deps_PickUpPoseAction
[  0%] Built target actionlib_msgs_generate_messages_lisp
[  0%] Built target geometry_msgs_generate_messages_lisp
[  0%] Built target actionlib_msgs_generate_messages_py
[  0%] Built target geometry_msgs_generate_messages_py
[  0%] Built target actionlib_msgs_generate_messages_nodejs
[  0%] Built target geometry_msgs_generate_messages_nodejs
[  0%] Built target geometry_msgs_generate_messages_eus
[  0%] Built target actionlib_msgs_generate_messages_eus
[  0%] Built target geometry_msgs_generate_messages_cpp
[  0%] Built target actionlib_msgs_generate_messages_cpp
[  2%] [34m[1mGenerating dynamic reconfigure files from cfg/SphericalGrasp.cfg: /home/ermanno/tiago_public_ws/devel/.private/tiago_pick_demo/include/tiago_pick_demo/SphericalGraspConfig.h /home/ermanno/tiago_public_ws/devel/.private/tiago_pick_demo/lib/python2.7/dist-packages/tiago_pick_demo/cfg/SphericalGraspConfig.py[0m
Generating reconfiguration files for SphericalGrasp in spherical_grasps_server
Wrote header file in /home/ermanno/tiago_public_ws/devel/.private/tiago_pick_demo/include/tiago_pick_demo/SphericalGraspConfig.h
[  2%] Built target tiago_pick_demo_gencfg
[ 21%] Built target tiago_pick_demo_generate_messages_lisp
[ 42%] Built target tiago_pick_demo_generate_messages_py
[ 60%] Built target tiago_pick_demo_generate_messages_nodejs
[ 81%] Built target tiago_pick_demo_generate_messages_eus
[100%] Built target tiago_pick_demo_generate_messages_cpp
[100%] Built target tiago_pick_demo_generate_messages
