Linked: (/home/ermanno/tiago_public_ws/devel/.private/tiago_pcl_tutorial/include/tiago_pcl_tutorial/segmentConfig.h, /home/ermanno/tiago_public_ws/devel/include/tiago_pcl_tutorial/segmentConfig.h)
Linked: (/home/ermanno/tiago_public_ws/devel/.private/tiago_pcl_tutorial/include/tiago_pcl_tutorial/PlaneCoefficients.h, /home/ermanno/tiago_public_ws/devel/include/tiago_pcl_tutorial/PlaneCoefficients.h)
Linked: (/home/ermanno/tiago_public_ws/devel/.private/tiago_pcl_tutorial/include/tiago_pcl_tutorial/regionConfig.h, /home/ermanno/tiago_public_ws/devel/include/tiago_pcl_tutorial/regionConfig.h)
Linked: (/home/ermanno/tiago_public_ws/devel/.private/tiago_pcl_tutorial/lib/libtiago_pcl_tutorial.so, /home/ermanno/tiago_public_ws/devel/lib/libtiago_pcl_tutorial.so)
Linked: (/home/ermanno/tiago_public_ws/devel/.private/tiago_pcl_tutorial/lib/tiago_pcl_tutorial/region_segment, /home/ermanno/tiago_public_ws/devel/lib/tiago_pcl_tutorial/region_segment)
Linked: (/home/ermanno/tiago_public_ws/devel/.private/tiago_pcl_tutorial/lib/tiago_pcl_tutorial/segment_table, /home/ermanno/tiago_public_ws/devel/lib/tiago_pcl_tutorial/segment_table)
Linked: (/home/ermanno/tiago_public_ws/devel/.private/tiago_pcl_tutorial/lib/tiago_pcl_tutorial/cylinder_detector, /home/ermanno/tiago_public_ws/devel/lib/tiago_pcl_tutorial/cylinder_detector)
Linked: (/home/ermanno/tiago_public_ws/devel/.private/tiago_pcl_tutorial/lib/tiago_pcl_tutorial/detect_main_plane, /home/ermanno/tiago_public_ws/devel/lib/tiago_pcl_tutorial/detect_main_plane)
Linked: (/home/ermanno/tiago_public_ws/devel/.private/tiago_pcl_tutorial/lib/python2.7/dist-packages/tiago_pcl_tutorial/__init__.py, /home/ermanno/tiago_public_ws/devel/lib/python2.7/dist-packages/tiago_pcl_tutorial/__init__.py)
Linked: (/home/ermanno/tiago_public_ws/devel/.private/tiago_pcl_tutorial/lib/python2.7/dist-packages/tiago_pcl_tutorial/msg/__init__.py, /home/ermanno/tiago_public_ws/devel/lib/python2.7/dist-packages/tiago_pcl_tutorial/msg/__init__.py)
Linked: (/home/ermanno/tiago_public_ws/devel/.private/tiago_pcl_tutorial/lib/python2.7/dist-packages/tiago_pcl_tutorial/msg/_PlaneCoefficients.py, /home/ermanno/tiago_public_ws/devel/lib/python2.7/dist-packages/tiago_pcl_tutorial/msg/_PlaneCoefficients.py)
Linked: (/home/ermanno/tiago_public_ws/devel/.private/tiago_pcl_tutorial/lib/python2.7/dist-packages/tiago_pcl_tutorial/cfg/__init__.py, /home/ermanno/tiago_public_ws/devel/lib/python2.7/dist-packages/tiago_pcl_tutorial/cfg/__init__.py)
Linked: (/home/ermanno/tiago_public_ws/devel/.private/tiago_pcl_tutorial/lib/python2.7/dist-packages/tiago_pcl_tutorial/cfg/segmentConfig.py, /home/ermanno/tiago_public_ws/devel/lib/python2.7/dist-packages/tiago_pcl_tutorial/cfg/segmentConfig.py)
Linked: (/home/ermanno/tiago_public_ws/devel/.private/tiago_pcl_tutorial/lib/python2.7/dist-packages/tiago_pcl_tutorial/cfg/regionConfig.py, /home/ermanno/tiago_public_ws/devel/lib/python2.7/dist-packages/tiago_pcl_tutorial/cfg/regionConfig.py)
Linked: (/home/ermanno/tiago_public_ws/devel/.private/tiago_pcl_tutorial/lib/pkgconfig/tiago_pcl_tutorial.pc, /home/ermanno/tiago_public_ws/devel/lib/pkgconfig/tiago_pcl_tutorial.pc)
Linked: (/home/ermanno/tiago_public_ws/devel/.private/tiago_pcl_tutorial/share/tiago_pcl_tutorial/cmake/tiago_pcl_tutorial-msg-paths.cmake, /home/ermanno/tiago_public_ws/devel/share/tiago_pcl_tutorial/cmake/tiago_pcl_tutorial-msg-paths.cmake)
Linked: (/home/ermanno/tiago_public_ws/devel/.private/tiago_pcl_tutorial/share/tiago_pcl_tutorial/cmake/tiago_pcl_tutorialConfig-version.cmake, /home/ermanno/tiago_public_ws/devel/share/tiago_pcl_tutorial/cmake/tiago_pcl_tutorialConfig-version.cmake)
Linked: (/home/ermanno/tiago_public_ws/devel/.private/tiago_pcl_tutorial/share/tiago_pcl_tutorial/cmake/tiago_pcl_tutorial-msg-extras.cmake, /home/ermanno/tiago_public_ws/devel/share/tiago_pcl_tutorial/cmake/tiago_pcl_tutorial-msg-extras.cmake)
Linked: (/home/ermanno/tiago_public_ws/devel/.private/tiago_pcl_tutorial/share/tiago_pcl_tutorial/cmake/tiago_pcl_tutorialConfig.cmake, /home/ermanno/tiago_public_ws/devel/share/tiago_pcl_tutorial/cmake/tiago_pcl_tutorialConfig.cmake)
Linked: (/home/ermanno/tiago_public_ws/devel/.private/tiago_pcl_tutorial/share/tiago_pcl_tutorial/docs/segmentConfig.dox, /home/ermanno/tiago_public_ws/devel/share/tiago_pcl_tutorial/docs/segmentConfig.dox)
Linked: (/home/ermanno/tiago_public_ws/devel/.private/tiago_pcl_tutorial/share/tiago_pcl_tutorial/docs/segmentConfig.wikidoc, /home/ermanno/tiago_public_ws/devel/share/tiago_pcl_tutorial/docs/segmentConfig.wikidoc)
Linked: (/home/ermanno/tiago_public_ws/devel/.private/tiago_pcl_tutorial/share/tiago_pcl_tutorial/docs/regionConfig.dox, /home/ermanno/tiago_public_ws/devel/share/tiago_pcl_tutorial/docs/regionConfig.dox)
Linked: (/home/ermanno/tiago_public_ws/devel/.private/tiago_pcl_tutorial/share/tiago_pcl_tutorial/docs/regionConfig-usage.dox, /home/ermanno/tiago_public_ws/devel/share/tiago_pcl_tutorial/docs/regionConfig-usage.dox)
Linked: (/home/ermanno/tiago_public_ws/devel/.private/tiago_pcl_tutorial/share/tiago_pcl_tutorial/docs/regionConfig.wikidoc, /home/ermanno/tiago_public_ws/devel/share/tiago_pcl_tutorial/docs/regionConfig.wikidoc)
Linked: (/home/ermanno/tiago_public_ws/devel/.private/tiago_pcl_tutorial/share/tiago_pcl_tutorial/docs/segmentConfig-usage.dox, /home/ermanno/tiago_public_ws/devel/share/tiago_pcl_tutorial/docs/segmentConfig-usage.dox)
Linked: (/home/ermanno/tiago_public_ws/devel/.private/tiago_pcl_tutorial/share/gennodejs/ros/tiago_pcl_tutorial/_index.js, /home/ermanno/tiago_public_ws/devel/share/gennodejs/ros/tiago_pcl_tutorial/_index.js)
Linked: (/home/ermanno/tiago_public_ws/devel/.private/tiago_pcl_tutorial/share/gennodejs/ros/tiago_pcl_tutorial/msg/_index.js, /home/ermanno/tiago_public_ws/devel/share/gennodejs/ros/tiago_pcl_tutorial/msg/_index.js)
Linked: (/home/ermanno/tiago_public_ws/devel/.private/tiago_pcl_tutorial/share/gennodejs/ros/tiago_pcl_tutorial/msg/PlaneCoefficients.js, /home/ermanno/tiago_public_ws/devel/share/gennodejs/ros/tiago_pcl_tutorial/msg/PlaneCoefficients.js)
Linked: (/home/ermanno/tiago_public_ws/devel/.private/tiago_pcl_tutorial/share/roseus/ros/tiago_pcl_tutorial/manifest.l, /home/ermanno/tiago_public_ws/devel/share/roseus/ros/tiago_pcl_tutorial/manifest.l)
Linked: (/home/ermanno/tiago_public_ws/devel/.private/tiago_pcl_tutorial/share/roseus/ros/tiago_pcl_tutorial/msg/PlaneCoefficients.l, /home/ermanno/tiago_public_ws/devel/share/roseus/ros/tiago_pcl_tutorial/msg/PlaneCoefficients.l)
Linked: (/home/ermanno/tiago_public_ws/devel/.private/tiago_pcl_tutorial/share/common-lisp/ros/tiago_pcl_tutorial/msg/tiago_pcl_tutorial-msg.asd, /home/ermanno/tiago_public_ws/devel/share/common-lisp/ros/tiago_pcl_tutorial/msg/tiago_pcl_tutorial-msg.asd)
Linked: (/home/ermanno/tiago_public_ws/devel/.private/tiago_pcl_tutorial/share/common-lisp/ros/tiago_pcl_tutorial/msg/PlaneCoefficients.lisp, /home/ermanno/tiago_public_ws/devel/share/common-lisp/ros/tiago_pcl_tutorial/msg/PlaneCoefficients.lisp)
Linked: (/home/ermanno/tiago_public_ws/devel/.private/tiago_pcl_tutorial/share/common-lisp/ros/tiago_pcl_tutorial/msg/_package_PlaneCoefficients.lisp, /home/ermanno/tiago_public_ws/devel/share/common-lisp/ros/tiago_pcl_tutorial/msg/_package_PlaneCoefficients.lisp)
Linked: (/home/ermanno/tiago_public_ws/devel/.private/tiago_pcl_tutorial/share/common-lisp/ros/tiago_pcl_tutorial/msg/_package.lisp, /home/ermanno/tiago_public_ws/devel/share/common-lisp/ros/tiago_pcl_tutorial/msg/_package.lisp)
