[35m[1mScanning dependencies of target _pal_robotiq_gripper_wrapper_msgs_generate_messages_check_deps_GripperStatus[0m
[  0%] Built target _pal_robotiq_gripper_wrapper_msgs_generate_messages_check_deps_GripperStatus
[35m[1mScanning dependencies of target std_msgs_generate_messages_nodejs[0m
[  0%] Built target std_msgs_generate_messages_nodejs
[35m[1mScanning dependencies of target std_msgs_generate_messages_eus[0m
[  0%] Built target std_msgs_generate_messages_eus
[35m[1mScanning dependencies of target std_msgs_generate_messages_cpp[0m
[  0%] Built target std_msgs_generate_messages_cpp
[35m[1mScanning dependencies of target std_msgs_generate_messages_lisp[0m
[  0%] Built target std_msgs_generate_messages_lisp
[35m[1mScanning dependencies of target std_msgs_generate_messages_py[0m
[  0%] Built target std_msgs_generate_messages_py
[35m[1mScanning dependencies of target pal_robotiq_gripper_wrapper_msgs_generate_messages_nodejs[0m
[ 14%] [34m[1mGenerating Javascript code from pal_robotiq_gripper_wrapper_msgs/GripperStatus.msg[0m
[ 14%] Built target pal_robotiq_gripper_wrapper_msgs_generate_messages_nodejs
[35m[1mScanning dependencies of target pal_robotiq_gripper_wrapper_msgs_generate_messages_eus[0m
[ 28%] [34m[1mGenerating EusLisp code from pal_robotiq_gripper_wrapper_msgs/GripperStatus.msg[0m
[ 42%] [34m[1mGenerating EusLisp manifest code for pal_robotiq_gripper_wrapper_msgs[0m
[ 42%] Built target pal_robotiq_gripper_wrapper_msgs_generate_messages_eus
[35m[1mScanning dependencies of target pal_robotiq_gripper_wrapper_msgs_generate_messages_cpp[0m
[ 57%] [34m[1mGenerating C++ code from pal_robotiq_gripper_wrapper_msgs/GripperStatus.msg[0m
[ 57%] Built target pal_robotiq_gripper_wrapper_msgs_generate_messages_cpp
[35m[1mScanning dependencies of target pal_robotiq_gripper_wrapper_msgs_generate_messages_lisp[0m
[ 71%] [34m[1mGenerating Lisp code from pal_robotiq_gripper_wrapper_msgs/GripperStatus.msg[0m
[ 71%] Built target pal_robotiq_gripper_wrapper_msgs_generate_messages_lisp
[35m[1mScanning dependencies of target pal_robotiq_gripper_wrapper_msgs_generate_messages_py[0m
[ 85%] [34m[1mGenerating Python from MSG pal_robotiq_gripper_wrapper_msgs/GripperStatus[0m
[100%] [34m[1mGenerating Python msg __init__.py for pal_robotiq_gripper_wrapper_msgs[0m
[100%] Built target pal_robotiq_gripper_wrapper_msgs_generate_messages_py
[35m[1mScanning dependencies of target pal_robotiq_gripper_wrapper_msgs_generate_messages[0m
[100%] Built target pal_robotiq_gripper_wrapper_msgs_generate_messages
