[  0%] Built target octomap_msgs_generate_messages_py
[  0%] Built target diagnostic_msgs_generate_messages_py
[  0%] Built target rosgraph_msgs_generate_messages_cpp
[  0%] Built target std_srvs_generate_messages_lisp
[  0%] Built target _catkin_empty_exported_target
[  0%] Built target sensor_msgs_generate_messages_eus
[  0%] Built target std_msgs_generate_messages_py
[  0%] Built target play_motion_msgs_generate_messages_cpp
[  0%] Built target diagnostic_msgs_generate_messages_nodejs
[  0%] Built target control_msgs_generate_messages_lisp
[  0%] Built target tf_generate_messages_cpp
[  0%] Built target actionlib_generate_messages_nodejs
[  0%] Built target geometry_msgs_generate_messages_cpp
[  0%] Built target actionlib_generate_messages_lisp
[  0%] Built target rosgraph_msgs_generate_messages_lisp
[  0%] Built target control_msgs_generate_messages_py
[  0%] Built target rosgraph_msgs_generate_messages_nodejs
[  0%] Built target actionlib_msgs_generate_messages_nodejs
[  0%] Built target visualization_msgs_generate_messages_lisp
[  0%] Built target std_msgs_generate_messages_eus
[  0%] Built target trajectory_msgs_generate_messages_py
[  0%] Built target play_motion_msgs_generate_messages_py
[  0%] Built target diagnostic_msgs_generate_messages_cpp
[  0%] Built target actionlib_generate_messages_eus
[  0%] Built target moveit_msgs_generate_messages_py
[  0%] Built target control_msgs_generate_messages_eus
[  0%] Built target std_srvs_generate_messages_cpp
[  0%] Built target sensor_msgs_generate_messages_lisp
[  0%] Built target tf2_msgs_generate_messages_py
[  0%] Built target actionlib_generate_messages_py
[  0%] Built target object_recognition_msgs_generate_messages_cpp
[  0%] Built target rosgraph_msgs_generate_messages_eus
[  0%] Built target tf_generate_messages_eus
[  0%] Built target actionlib_msgs_generate_messages_cpp
[  0%] Built target play_motion_msgs_generate_messages_lisp
[  0%] Built target roscpp_generate_messages_eus
[  0%] Built target rosgraph_msgs_generate_messages_py
[  0%] Built target actionlib_msgs_generate_messages_eus
[  0%] Built target octomap_msgs_generate_messages_cpp
[  0%] Built target actionlib_msgs_generate_messages_lisp
[  0%] Built target actionlib_msgs_generate_messages_py
[  0%] Built target controller_manager_msgs_generate_messages_cpp
[  0%] Built target shape_msgs_generate_messages_cpp
[  0%] Built target controller_manager_msgs_generate_messages_nodejs
[  0%] Built target std_msgs_generate_messages_cpp
[  0%] Built target sensor_msgs_generate_messages_nodejs
[  0%] Built target moveit_msgs_generate_messages_nodejs
[  0%] Built target roscpp_generate_messages_nodejs
[  0%] Built target std_msgs_generate_messages_lisp
[  0%] Built target object_recognition_msgs_generate_messages_lisp
[  0%] Built target geometry_msgs_generate_messages_nodejs
[  0%] Built target geometry_msgs_generate_messages_py
[  0%] Built target shape_msgs_generate_messages_py
[  0%] Built target trajectory_msgs_generate_messages_cpp
[  0%] Built target trajectory_msgs_generate_messages_lisp
[  0%] Built target trajectory_msgs_generate_messages_nodejs
[  0%] Built target trajectory_msgs_generate_messages_eus
[  0%] Built target controller_manager_msgs_generate_messages_eus
[  0%] Built target sensor_msgs_generate_messages_cpp
[  0%] Built target object_recognition_msgs_generate_messages_eus
[  0%] Built target controller_manager_msgs_generate_messages_lisp
[  0%] Built target controller_manager_msgs_generate_messages_py
[  0%] Built target play_motion_msgs_generate_messages_nodejs
[  0%] Built target std_msgs_generate_messages_nodejs
[  0%] Built target moveit_msgs_generate_messages_cpp
[  0%] Built target moveit_msgs_generate_messages_eus
[  0%] Built target moveit_msgs_generate_messages_lisp
[  0%] Built target diagnostic_msgs_generate_messages_lisp
[  0%] Built target diagnostic_msgs_generate_messages_eus
[  0%] Built target std_srvs_generate_messages_py
[  0%] Built target moveit_ros_manipulation_gencfg
[  0%] Built target tf_generate_messages_lisp
[  0%] Built target tf2_msgs_generate_messages_nodejs
[  0%] Built target tf2_msgs_generate_messages_cpp
[  0%] Built target visualization_msgs_generate_messages_py
[  0%] Built target visualization_msgs_generate_messages_nodejs
[  0%] Built target visualization_msgs_generate_messages_eus
[  0%] Built target tf2_msgs_generate_messages_eus
[  0%] Built target visualization_msgs_generate_messages_cpp
[  0%] Built target tf2_msgs_generate_messages_lisp
[  0%] Built target dynamic_reconfigure_gencfg
[  0%] Built target dynamic_reconfigure_generate_messages_nodejs
[  0%] Built target dynamic_reconfigure_generate_messages_lisp
[  0%] Built target dynamic_reconfigure_generate_messages_eus
[  0%] Built target tf_generate_messages_py
[  0%] Built target dynamic_reconfigure_generate_messages_cpp
[  0%] Built target moveit_ros_planning_gencfg
[  0%] Built target geometry_msgs_generate_messages_lisp
[  0%] Built target control_msgs_generate_messages_cpp
[  0%] Built target geometry_msgs_generate_messages_eus
[  0%] Built target roscpp_generate_messages_py
[  0%] Built target play_motion_msgs_generate_messages_eus
[  0%] Built target control_msgs_generate_messages_nodejs
[  0%] Built target roscpp_generate_messages_cpp
[  0%] Built target actionlib_generate_messages_cpp
[  0%] Built target octomap_msgs_generate_messages_eus
[  0%] Built target sensor_msgs_generate_messages_py
[  0%] Built target shape_msgs_generate_messages_eus
[  0%] Built target dynamic_reconfigure_generate_messages_py
[  0%] Built target shape_msgs_generate_messages_lisp
[  0%] Built target shape_msgs_generate_messages_nodejs
[  0%] Built target object_recognition_msgs_generate_messages_nodejs
[  0%] Built target std_srvs_generate_messages_eus
[  0%] Built target roscpp_generate_messages_lisp
[  0%] Built target octomap_msgs_generate_messages_lisp
[  0%] Built target std_srvs_generate_messages_nodejs
[  0%] Built target object_recognition_msgs_generate_messages_py
[  0%] Built target octomap_msgs_generate_messages_nodejs
[  0%] Built target tf_generate_messages_nodejs
[  9%] [32m[1mLinking CXX shared library /home/ermanno/tiago_public_ws/devel/.private/play_motion/lib/libplay_motion_helpers.so[0m
[ 18%] [32m[1mLinking CXX executable /home/ermanno/tiago_public_ws/devel/.private/play_motion/lib/play_motion/run_motion[0m
[ 27%] Built target play_motion_helpers
[35m[1mScanning dependencies of target play_motion[0m
[ 36%] [32mBuilding CXX object CMakeFiles/play_motion.dir/src/approach_planner.cpp.o[0m
[ 45%] Built target run_motion
[ 54%] [32m[1mLinking CXX executable /home/ermanno/tiago_public_ws/devel/.private/play_motion/lib/play_motion/play_motion[0m
[100%] Built target play_motion
