Linked: (/home/ermanno/tiago_public_ws/devel/.private/pal_video_recording_msgs/include/pal_video_recording_msgs/StopRecording.h, /home/ermanno/tiago_public_ws/devel/include/pal_video_recording_msgs/StopRecording.h)
Linked: (/home/ermanno/tiago_public_ws/devel/.private/pal_video_recording_msgs/include/pal_video_recording_msgs/StopRecordingRequest.h, /home/ermanno/tiago_public_ws/devel/include/pal_video_recording_msgs/StopRecordingRequest.h)
Linked: (/home/ermanno/tiago_public_ws/devel/.private/pal_video_recording_msgs/include/pal_video_recording_msgs/StartRecordingRequest.h, /home/ermanno/tiago_public_ws/devel/include/pal_video_recording_msgs/StartRecordingRequest.h)
Linked: (/home/ermanno/tiago_public_ws/devel/.private/pal_video_recording_msgs/include/pal_video_recording_msgs/StopRecordingResponse.h, /home/ermanno/tiago_public_ws/devel/include/pal_video_recording_msgs/StopRecordingResponse.h)
Linked: (/home/ermanno/tiago_public_ws/devel/.private/pal_video_recording_msgs/include/pal_video_recording_msgs/StartRecordingResponse.h, /home/ermanno/tiago_public_ws/devel/include/pal_video_recording_msgs/StartRecordingResponse.h)
Linked: (/home/ermanno/tiago_public_ws/devel/.private/pal_video_recording_msgs/include/pal_video_recording_msgs/StartRecording.h, /home/ermanno/tiago_public_ws/devel/include/pal_video_recording_msgs/StartRecording.h)
Linked: (/home/ermanno/tiago_public_ws/devel/.private/pal_video_recording_msgs/lib/python2.7/dist-packages/pal_video_recording_msgs/__init__.py, /home/ermanno/tiago_public_ws/devel/lib/python2.7/dist-packages/pal_video_recording_msgs/__init__.py)
Linked: (/home/ermanno/tiago_public_ws/devel/.private/pal_video_recording_msgs/lib/python2.7/dist-packages/pal_video_recording_msgs/srv/_StopRecording.py, /home/ermanno/tiago_public_ws/devel/lib/python2.7/dist-packages/pal_video_recording_msgs/srv/_StopRecording.py)
Linked: (/home/ermanno/tiago_public_ws/devel/.private/pal_video_recording_msgs/lib/python2.7/dist-packages/pal_video_recording_msgs/srv/_StartRecording.py, /home/ermanno/tiago_public_ws/devel/lib/python2.7/dist-packages/pal_video_recording_msgs/srv/_StartRecording.py)
Linked: (/home/ermanno/tiago_public_ws/devel/.private/pal_video_recording_msgs/lib/python2.7/dist-packages/pal_video_recording_msgs/srv/__init__.py, /home/ermanno/tiago_public_ws/devel/lib/python2.7/dist-packages/pal_video_recording_msgs/srv/__init__.py)
Linked: (/home/ermanno/tiago_public_ws/devel/.private/pal_video_recording_msgs/lib/pkgconfig/pal_video_recording_msgs.pc, /home/ermanno/tiago_public_ws/devel/lib/pkgconfig/pal_video_recording_msgs.pc)
Linked: (/home/ermanno/tiago_public_ws/devel/.private/pal_video_recording_msgs/share/pal_video_recording_msgs/cmake/pal_video_recording_msgs-msg-extras.cmake, /home/ermanno/tiago_public_ws/devel/share/pal_video_recording_msgs/cmake/pal_video_recording_msgs-msg-extras.cmake)
Linked: (/home/ermanno/tiago_public_ws/devel/.private/pal_video_recording_msgs/share/pal_video_recording_msgs/cmake/pal_video_recording_msgsConfig-version.cmake, /home/ermanno/tiago_public_ws/devel/share/pal_video_recording_msgs/cmake/pal_video_recording_msgsConfig-version.cmake)
Linked: (/home/ermanno/tiago_public_ws/devel/.private/pal_video_recording_msgs/share/pal_video_recording_msgs/cmake/pal_video_recording_msgsConfig.cmake, /home/ermanno/tiago_public_ws/devel/share/pal_video_recording_msgs/cmake/pal_video_recording_msgsConfig.cmake)
Linked: (/home/ermanno/tiago_public_ws/devel/.private/pal_video_recording_msgs/share/pal_video_recording_msgs/cmake/pal_video_recording_msgs-msg-paths.cmake, /home/ermanno/tiago_public_ws/devel/share/pal_video_recording_msgs/cmake/pal_video_recording_msgs-msg-paths.cmake)
Linked: (/home/ermanno/tiago_public_ws/devel/.private/pal_video_recording_msgs/share/gennodejs/ros/pal_video_recording_msgs/_index.js, /home/ermanno/tiago_public_ws/devel/share/gennodejs/ros/pal_video_recording_msgs/_index.js)
Linked: (/home/ermanno/tiago_public_ws/devel/.private/pal_video_recording_msgs/share/gennodejs/ros/pal_video_recording_msgs/srv/_index.js, /home/ermanno/tiago_public_ws/devel/share/gennodejs/ros/pal_video_recording_msgs/srv/_index.js)
Linked: (/home/ermanno/tiago_public_ws/devel/.private/pal_video_recording_msgs/share/gennodejs/ros/pal_video_recording_msgs/srv/StopRecording.js, /home/ermanno/tiago_public_ws/devel/share/gennodejs/ros/pal_video_recording_msgs/srv/StopRecording.js)
Linked: (/home/ermanno/tiago_public_ws/devel/.private/pal_video_recording_msgs/share/gennodejs/ros/pal_video_recording_msgs/srv/StartRecording.js, /home/ermanno/tiago_public_ws/devel/share/gennodejs/ros/pal_video_recording_msgs/srv/StartRecording.js)
Linked: (/home/ermanno/tiago_public_ws/devel/.private/pal_video_recording_msgs/share/roseus/ros/pal_video_recording_msgs/manifest.l, /home/ermanno/tiago_public_ws/devel/share/roseus/ros/pal_video_recording_msgs/manifest.l)
Linked: (/home/ermanno/tiago_public_ws/devel/.private/pal_video_recording_msgs/share/roseus/ros/pal_video_recording_msgs/srv/StopRecording.l, /home/ermanno/tiago_public_ws/devel/share/roseus/ros/pal_video_recording_msgs/srv/StopRecording.l)
Linked: (/home/ermanno/tiago_public_ws/devel/.private/pal_video_recording_msgs/share/roseus/ros/pal_video_recording_msgs/srv/StartRecording.l, /home/ermanno/tiago_public_ws/devel/share/roseus/ros/pal_video_recording_msgs/srv/StartRecording.l)
Linked: (/home/ermanno/tiago_public_ws/devel/.private/pal_video_recording_msgs/share/common-lisp/ros/pal_video_recording_msgs/srv/_package_StartRecording.lisp, /home/ermanno/tiago_public_ws/devel/share/common-lisp/ros/pal_video_recording_msgs/srv/_package_StartRecording.lisp)
Linked: (/home/ermanno/tiago_public_ws/devel/.private/pal_video_recording_msgs/share/common-lisp/ros/pal_video_recording_msgs/srv/pal_video_recording_msgs-srv.asd, /home/ermanno/tiago_public_ws/devel/share/common-lisp/ros/pal_video_recording_msgs/srv/pal_video_recording_msgs-srv.asd)
Linked: (/home/ermanno/tiago_public_ws/devel/.private/pal_video_recording_msgs/share/common-lisp/ros/pal_video_recording_msgs/srv/_package_StopRecording.lisp, /home/ermanno/tiago_public_ws/devel/share/common-lisp/ros/pal_video_recording_msgs/srv/_package_StopRecording.lisp)
Linked: (/home/ermanno/tiago_public_ws/devel/.private/pal_video_recording_msgs/share/common-lisp/ros/pal_video_recording_msgs/srv/_package.lisp, /home/ermanno/tiago_public_ws/devel/share/common-lisp/ros/pal_video_recording_msgs/srv/_package.lisp)
Linked: (/home/ermanno/tiago_public_ws/devel/.private/pal_video_recording_msgs/share/common-lisp/ros/pal_video_recording_msgs/srv/StopRecording.lisp, /home/ermanno/tiago_public_ws/devel/share/common-lisp/ros/pal_video_recording_msgs/srv/StopRecording.lisp)
Linked: (/home/ermanno/tiago_public_ws/devel/.private/pal_video_recording_msgs/share/common-lisp/ros/pal_video_recording_msgs/srv/StartRecording.lisp, /home/ermanno/tiago_public_ws/devel/share/common-lisp/ros/pal_video_recording_msgs/srv/StartRecording.lisp)
