Linked: (/home/ermanno/tiago_public_ws/devel/.private/dynamic_introspection/include/dynamic_introspection/IntParameter.h, /home/ermanno/tiago_public_ws/devel/include/dynamic_introspection/IntParameter.h)
Linked: (/home/ermanno/tiago_public_ws/devel/.private/dynamic_introspection/include/dynamic_introspection/BoolParameter.h, /home/ermanno/tiago_public_ws/devel/include/dynamic_introspection/BoolParameter.h)
Linked: (/home/ermanno/tiago_public_ws/devel/.private/dynamic_introspection/include/dynamic_introspection/DoubleParameter.h, /home/ermanno/tiago_public_ws/devel/include/dynamic_introspection/DoubleParameter.h)
Linked: (/home/ermanno/tiago_public_ws/devel/.private/dynamic_introspection/include/dynamic_introspection/IntrospectionMsg.h, /home/ermanno/tiago_public_ws/devel/include/dynamic_introspection/IntrospectionMsg.h)
Linked: (/home/ermanno/tiago_public_ws/devel/.private/dynamic_introspection/include/dynamic_introspection/MarkerParameter.h, /home/ermanno/tiago_public_ws/devel/include/dynamic_introspection/MarkerParameter.h)
Linked: (/home/ermanno/tiago_public_ws/devel/.private/dynamic_introspection/lib/libdynamic_introspection.so, /home/ermanno/tiago_public_ws/devel/lib/libdynamic_introspection.so)
Linked: (/home/ermanno/tiago_public_ws/devel/.private/dynamic_introspection/lib/python2.7/dist-packages/dynamic_introspection/__init__.py, /home/ermanno/tiago_public_ws/devel/lib/python2.7/dist-packages/dynamic_introspection/__init__.py)
Linked: (/home/ermanno/tiago_public_ws/devel/.private/dynamic_introspection/lib/python2.7/dist-packages/dynamic_introspection/msg/_BoolParameter.py, /home/ermanno/tiago_public_ws/devel/lib/python2.7/dist-packages/dynamic_introspection/msg/_BoolParameter.py)
Linked: (/home/ermanno/tiago_public_ws/devel/.private/dynamic_introspection/lib/python2.7/dist-packages/dynamic_introspection/msg/_IntParameter.py, /home/ermanno/tiago_public_ws/devel/lib/python2.7/dist-packages/dynamic_introspection/msg/_IntParameter.py)
Linked: (/home/ermanno/tiago_public_ws/devel/.private/dynamic_introspection/lib/python2.7/dist-packages/dynamic_introspection/msg/__init__.py, /home/ermanno/tiago_public_ws/devel/lib/python2.7/dist-packages/dynamic_introspection/msg/__init__.py)
Linked: (/home/ermanno/tiago_public_ws/devel/.private/dynamic_introspection/lib/python2.7/dist-packages/dynamic_introspection/msg/_MarkerParameter.py, /home/ermanno/tiago_public_ws/devel/lib/python2.7/dist-packages/dynamic_introspection/msg/_MarkerParameter.py)
Linked: (/home/ermanno/tiago_public_ws/devel/.private/dynamic_introspection/lib/python2.7/dist-packages/dynamic_introspection/msg/_DoubleParameter.py, /home/ermanno/tiago_public_ws/devel/lib/python2.7/dist-packages/dynamic_introspection/msg/_DoubleParameter.py)
Linked: (/home/ermanno/tiago_public_ws/devel/.private/dynamic_introspection/lib/python2.7/dist-packages/dynamic_introspection/msg/_IntrospectionMsg.py, /home/ermanno/tiago_public_ws/devel/lib/python2.7/dist-packages/dynamic_introspection/msg/_IntrospectionMsg.py)
Linked: (/home/ermanno/tiago_public_ws/devel/.private/dynamic_introspection/lib/pkgconfig/dynamic_introspection.pc, /home/ermanno/tiago_public_ws/devel/lib/pkgconfig/dynamic_introspection.pc)
Linked: (/home/ermanno/tiago_public_ws/devel/.private/dynamic_introspection/share/dynamic_introspection/cmake/dynamic_introspection-msg-extras.cmake, /home/ermanno/tiago_public_ws/devel/share/dynamic_introspection/cmake/dynamic_introspection-msg-extras.cmake)
Linked: (/home/ermanno/tiago_public_ws/devel/.private/dynamic_introspection/share/dynamic_introspection/cmake/dynamic_introspectionConfig.cmake, /home/ermanno/tiago_public_ws/devel/share/dynamic_introspection/cmake/dynamic_introspectionConfig.cmake)
Linked: (/home/ermanno/tiago_public_ws/devel/.private/dynamic_introspection/share/dynamic_introspection/cmake/dynamic_introspection-msg-paths.cmake, /home/ermanno/tiago_public_ws/devel/share/dynamic_introspection/cmake/dynamic_introspection-msg-paths.cmake)
Linked: (/home/ermanno/tiago_public_ws/devel/.private/dynamic_introspection/share/dynamic_introspection/cmake/dynamic_introspectionConfig-version.cmake, /home/ermanno/tiago_public_ws/devel/share/dynamic_introspection/cmake/dynamic_introspectionConfig-version.cmake)
Linked: (/home/ermanno/tiago_public_ws/devel/.private/dynamic_introspection/share/gennodejs/ros/dynamic_introspection/_index.js, /home/ermanno/tiago_public_ws/devel/share/gennodejs/ros/dynamic_introspection/_index.js)
Linked: (/home/ermanno/tiago_public_ws/devel/.private/dynamic_introspection/share/gennodejs/ros/dynamic_introspection/msg/MarkerParameter.js, /home/ermanno/tiago_public_ws/devel/share/gennodejs/ros/dynamic_introspection/msg/MarkerParameter.js)
Linked: (/home/ermanno/tiago_public_ws/devel/.private/dynamic_introspection/share/gennodejs/ros/dynamic_introspection/msg/_index.js, /home/ermanno/tiago_public_ws/devel/share/gennodejs/ros/dynamic_introspection/msg/_index.js)
Linked: (/home/ermanno/tiago_public_ws/devel/.private/dynamic_introspection/share/gennodejs/ros/dynamic_introspection/msg/IntrospectionMsg.js, /home/ermanno/tiago_public_ws/devel/share/gennodejs/ros/dynamic_introspection/msg/IntrospectionMsg.js)
Linked: (/home/ermanno/tiago_public_ws/devel/.private/dynamic_introspection/share/gennodejs/ros/dynamic_introspection/msg/DoubleParameter.js, /home/ermanno/tiago_public_ws/devel/share/gennodejs/ros/dynamic_introspection/msg/DoubleParameter.js)
Linked: (/home/ermanno/tiago_public_ws/devel/.private/dynamic_introspection/share/gennodejs/ros/dynamic_introspection/msg/IntParameter.js, /home/ermanno/tiago_public_ws/devel/share/gennodejs/ros/dynamic_introspection/msg/IntParameter.js)
Linked: (/home/ermanno/tiago_public_ws/devel/.private/dynamic_introspection/share/gennodejs/ros/dynamic_introspection/msg/BoolParameter.js, /home/ermanno/tiago_public_ws/devel/share/gennodejs/ros/dynamic_introspection/msg/BoolParameter.js)
Linked: (/home/ermanno/tiago_public_ws/devel/.private/dynamic_introspection/share/roseus/ros/dynamic_introspection/manifest.l, /home/ermanno/tiago_public_ws/devel/share/roseus/ros/dynamic_introspection/manifest.l)
Linked: (/home/ermanno/tiago_public_ws/devel/.private/dynamic_introspection/share/roseus/ros/dynamic_introspection/msg/MarkerParameter.l, /home/ermanno/tiago_public_ws/devel/share/roseus/ros/dynamic_introspection/msg/MarkerParameter.l)
Linked: (/home/ermanno/tiago_public_ws/devel/.private/dynamic_introspection/share/roseus/ros/dynamic_introspection/msg/IntrospectionMsg.l, /home/ermanno/tiago_public_ws/devel/share/roseus/ros/dynamic_introspection/msg/IntrospectionMsg.l)
Linked: (/home/ermanno/tiago_public_ws/devel/.private/dynamic_introspection/share/roseus/ros/dynamic_introspection/msg/BoolParameter.l, /home/ermanno/tiago_public_ws/devel/share/roseus/ros/dynamic_introspection/msg/BoolParameter.l)
Linked: (/home/ermanno/tiago_public_ws/devel/.private/dynamic_introspection/share/roseus/ros/dynamic_introspection/msg/DoubleParameter.l, /home/ermanno/tiago_public_ws/devel/share/roseus/ros/dynamic_introspection/msg/DoubleParameter.l)
Linked: (/home/ermanno/tiago_public_ws/devel/.private/dynamic_introspection/share/roseus/ros/dynamic_introspection/msg/IntParameter.l, /home/ermanno/tiago_public_ws/devel/share/roseus/ros/dynamic_introspection/msg/IntParameter.l)
Linked: (/home/ermanno/tiago_public_ws/devel/.private/dynamic_introspection/share/common-lisp/ros/dynamic_introspection/msg/_package_IntParameter.lisp, /home/ermanno/tiago_public_ws/devel/share/common-lisp/ros/dynamic_introspection/msg/_package_IntParameter.lisp)
Linked: (/home/ermanno/tiago_public_ws/devel/.private/dynamic_introspection/share/common-lisp/ros/dynamic_introspection/msg/_package_DoubleParameter.lisp, /home/ermanno/tiago_public_ws/devel/share/common-lisp/ros/dynamic_introspection/msg/_package_DoubleParameter.lisp)
Linked: (/home/ermanno/tiago_public_ws/devel/.private/dynamic_introspection/share/common-lisp/ros/dynamic_introspection/msg/BoolParameter.lisp, /home/ermanno/tiago_public_ws/devel/share/common-lisp/ros/dynamic_introspection/msg/BoolParameter.lisp)
Linked: (/home/ermanno/tiago_public_ws/devel/.private/dynamic_introspection/share/common-lisp/ros/dynamic_introspection/msg/_package.lisp, /home/ermanno/tiago_public_ws/devel/share/common-lisp/ros/dynamic_introspection/msg/_package.lisp)
Linked: (/home/ermanno/tiago_public_ws/devel/.private/dynamic_introspection/share/common-lisp/ros/dynamic_introspection/msg/_package_IntrospectionMsg.lisp, /home/ermanno/tiago_public_ws/devel/share/common-lisp/ros/dynamic_introspection/msg/_package_IntrospectionMsg.lisp)
Linked: (/home/ermanno/tiago_public_ws/devel/.private/dynamic_introspection/share/common-lisp/ros/dynamic_introspection/msg/MarkerParameter.lisp, /home/ermanno/tiago_public_ws/devel/share/common-lisp/ros/dynamic_introspection/msg/MarkerParameter.lisp)
Linked: (/home/ermanno/tiago_public_ws/devel/.private/dynamic_introspection/share/common-lisp/ros/dynamic_introspection/msg/IntParameter.lisp, /home/ermanno/tiago_public_ws/devel/share/common-lisp/ros/dynamic_introspection/msg/IntParameter.lisp)
Linked: (/home/ermanno/tiago_public_ws/devel/.private/dynamic_introspection/share/common-lisp/ros/dynamic_introspection/msg/_package_BoolParameter.lisp, /home/ermanno/tiago_public_ws/devel/share/common-lisp/ros/dynamic_introspection/msg/_package_BoolParameter.lisp)
Linked: (/home/ermanno/tiago_public_ws/devel/.private/dynamic_introspection/share/common-lisp/ros/dynamic_introspection/msg/DoubleParameter.lisp, /home/ermanno/tiago_public_ws/devel/share/common-lisp/ros/dynamic_introspection/msg/DoubleParameter.lisp)
Linked: (/home/ermanno/tiago_public_ws/devel/.private/dynamic_introspection/share/common-lisp/ros/dynamic_introspection/msg/_package_MarkerParameter.lisp, /home/ermanno/tiago_public_ws/devel/share/common-lisp/ros/dynamic_introspection/msg/_package_MarkerParameter.lisp)
Linked: (/home/ermanno/tiago_public_ws/devel/.private/dynamic_introspection/share/common-lisp/ros/dynamic_introspection/msg/dynamic_introspection-msg.asd, /home/ermanno/tiago_public_ws/devel/share/common-lisp/ros/dynamic_introspection/msg/dynamic_introspection-msg.asd)
Linked: (/home/ermanno/tiago_public_ws/devel/.private/dynamic_introspection/share/common-lisp/ros/dynamic_introspection/msg/IntrospectionMsg.lisp, /home/ermanno/tiago_public_ws/devel/share/common-lisp/ros/dynamic_introspection/msg/IntrospectionMsg.lisp)
