Determining if the pthread_create exist failed with the following output:
Change Dir: /home/ermanno/tiago_public_ws/build/pal_hardware_gazebo/CMakeFiles/CMakeTmp

Run Build Command:"/usr/bin/make" "cmTC_5570f/fast"
/usr/bin/make -f CMakeFiles/cmTC_5570f.dir/build.make CMakeFiles/cmTC_5570f.dir/build
make[1]: ingresso nella directory "/home/ermanno/tiago_public_ws/build/pal_hardware_gazebo/CMakeFiles/CMakeTmp"
Building C object CMakeFiles/cmTC_5570f.dir/CheckSymbolExists.c.o
/usr/bin/cc    -o CMakeFiles/cmTC_5570f.dir/CheckSymbolExists.c.o   -c /home/ermanno/tiago_public_ws/build/pal_hardware_gazebo/CMakeFiles/CMakeTmp/CheckSymbolExists.c
Linking C executable cmTC_5570f
/usr/bin/cmake -E cmake_link_script CMakeFiles/cmTC_5570f.dir/link.txt --verbose=1
/usr/bin/cc      -rdynamic CMakeFiles/cmTC_5570f.dir/CheckSymbolExists.c.o  -o cmTC_5570f 
CMakeFiles/cmTC_5570f.dir/CheckSymbolExists.c.o: nella funzione "main":
CheckSymbolExists.c:(.text+0x1b): riferimento non definito a "pthread_create"
collect2: error: ld returned 1 exit status
CMakeFiles/cmTC_5570f.dir/build.make:97: recipe for target 'cmTC_5570f' failed
make[1]: *** [cmTC_5570f] Error 1
make[1]: uscita dalla directory "/home/ermanno/tiago_public_ws/build/pal_hardware_gazebo/CMakeFiles/CMakeTmp"
Makefile:126: recipe for target 'cmTC_5570f/fast' failed
make: *** [cmTC_5570f/fast] Error 2

File /home/ermanno/tiago_public_ws/build/pal_hardware_gazebo/CMakeFiles/CMakeTmp/CheckSymbolExists.c:
/* */
#include <pthread.h>

int main(int argc, char** argv)
{
  (void)argv;
#ifndef pthread_create
  return ((int*)(&pthread_create))[argc];
#else
  (void)argc;
  return 0;
#endif
}

Determining if the function pthread_create exists in the pthreads failed with the following output:
Change Dir: /home/ermanno/tiago_public_ws/build/pal_hardware_gazebo/CMakeFiles/CMakeTmp

Run Build Command:"/usr/bin/make" "cmTC_d0b1c/fast"
/usr/bin/make -f CMakeFiles/cmTC_d0b1c.dir/build.make CMakeFiles/cmTC_d0b1c.dir/build
make[1]: ingresso nella directory "/home/ermanno/tiago_public_ws/build/pal_hardware_gazebo/CMakeFiles/CMakeTmp"
Building C object CMakeFiles/cmTC_d0b1c.dir/CheckFunctionExists.c.o
/usr/bin/cc   -DCHECK_FUNCTION_EXISTS=pthread_create   -o CMakeFiles/cmTC_d0b1c.dir/CheckFunctionExists.c.o   -c /usr/share/cmake-3.10/Modules/CheckFunctionExists.c
Linking C executable cmTC_d0b1c
/usr/bin/cmake -E cmake_link_script CMakeFiles/cmTC_d0b1c.dir/link.txt --verbose=1
/usr/bin/cc  -DCHECK_FUNCTION_EXISTS=pthread_create    -rdynamic CMakeFiles/cmTC_d0b1c.dir/CheckFunctionExists.c.o  -o cmTC_d0b1c -lpthreads 
/usr/bin/ld: impossibile trovare -lpthreads
collect2: error: ld returned 1 exit status
CMakeFiles/cmTC_d0b1c.dir/build.make:97: recipe for target 'cmTC_d0b1c' failed
make[1]: *** [cmTC_d0b1c] Error 1
make[1]: uscita dalla directory "/home/ermanno/tiago_public_ws/build/pal_hardware_gazebo/CMakeFiles/CMakeTmp"
Makefile:126: recipe for target 'cmTC_d0b1c/fast' failed
make: *** [cmTC_d0b1c/fast] Error 2


